<?xml version="1.0" encoding="UTF-8"?>
<!-- Generated by org.testng.reporters.JUnitXMLReporter -->
<testsuite ignored="1" hostname="QT-UK-LT0998" failures="0" tests="2" name="AlertTests-AcceptAlert (ConfirmTest and PromptTest)" time="10.047" errors="0" timestamp="2022-04-20T15:41:54 BST">
  <testcase classname="com.qualitest.sjumbe.alertests.AlertTest" name="jsPromptTest" time="1.629"/>
  <testcase classname="com.qualitest.sjumbe.alertests.AlertTest" name="jsConfirmTest" time="2.925"/>
  <testcase classname="com.qualitest.sjumbe.alertests.AlertTest" name="jsAlertTest" time="0.0">
    <ignored/>
  </testcase> <!-- jsAlertTest -->
</testsuite> <!-- AlertTests-AcceptAlert (ConfirmTest and PromptTest) -->
