<?xml version="1.0" encoding="UTF-8"?>
<!-- Generated by org.testng.reporters.JUnitXMLReporter -->
<testsuite ignored="2" hostname="QT-UK-LT0998" failures="0" tests="1" name="AlertTests-JS Alert" time="4.622" errors="0" timestamp="2022-04-21T13:22:37 BST">
  <testcase classname="com.qualitest.sjumbe.alertests.AlertTest" name="jsAlertTest" time="1.57"/>
  <testcase classname="com.qualitest.sjumbe.alertests.AlertTest" name="jsPromptTest" time="0.0">
    <ignored/>
  </testcase> <!-- jsPromptTest -->
  <testcase classname="com.qualitest.sjumbe.alertests.AlertTest" name="jsConfirmTest" time="0.0">
    <ignored/>
  </testcase> <!-- jsConfirmTest -->
</testsuite> <!-- AlertTests-JS Alert -->
