<?xml version="1.0" encoding="UTF-8"?>
<testng-results ignored="0" total="2" passed="2" failed="0" skipped="0">
  <reporter-output>
  </reporter-output>
  <suite started-at="2022-04-21T17:14:10 BST" name="DropdownSelectionTestSuite" finished-at="2022-04-21T17:14:16 BST" duration-ms="6077">
    <groups>
    </groups>
    <test started-at="2022-04-21T17:14:10 BST" name="DropdownSelectionTest-Option 1 [Headless Chrome]" finished-at="2022-04-21T17:14:13 BST" duration-ms="3602">
      <class name="com.qualitest.sjumbe.dropdowntests.DropdownTest">
        <test-method is-config="true" signature="setUp(java.lang.reflect.Method,java.lang.String,java.lang.String,java.lang.String,org.testng.ITestContext)[pri:0, instance:com.qualitest.sjumbe.dropdowntests.DropdownTest@123ef382]" started-at="2022-04-21T17:14:10 BST" name="setUp" finished-at="2022-04-21T17:14:12 BST" duration-ms="1551" status="PASS">
          <params>
            <param index="0">
              <value>
                <![CDATA[public void com.qualitest.sjumbe.dropdowntests.DropdownTest.optionTwoTest(int)]]>
              </value>
            </param>
            <param index="1">
              <value>
                <![CDATA[chromeheadless]]>
              </value>
            </param>
            <param index="2">
              <value is-null="true"/>
            </param>
            <param index="3">
              <value is-null="true"/>
            </param>
            <param index="4">
              <value>
                <![CDATA[org.testng.TestRunner@72fd8a3c]]>
              </value>
            </param>
          </params>
          <reporter-output>
          </reporter-output>
        </test-method> <!-- setUp -->
        <test-method signature="optionTwoTest(int)[pri:0, instance:com.qualitest.sjumbe.dropdowntests.DropdownTest@123ef382]" started-at="2022-04-21T17:14:12 BST" name="optionTwoTest" finished-at="2022-04-21T17:14:13 BST" duration-ms="1590" status="PASS">
          <params>
            <param index="0">
              <value>
                <![CDATA[1]]>
              </value>
            </param>
          </params>
          <reporter-output>
          </reporter-output>
        </test-method> <!-- optionTwoTest -->
        <test-method is-config="true" signature="tearDown()[pri:0, instance:com.qualitest.sjumbe.dropdowntests.DropdownTest@123ef382]" started-at="2022-04-21T17:14:13 BST" name="tearDown" finished-at="2022-04-21T17:14:13 BST" duration-ms="107" status="PASS">
          <reporter-output>
          </reporter-output>
        </test-method> <!-- tearDown -->
      </class> <!-- com.qualitest.sjumbe.dropdowntests.DropdownTest -->
    </test> <!-- DropdownSelectionTest-Option 1 [Headless Chrome] -->
    <test started-at="2022-04-21T17:14:13 BST" name="DropdownSelectionTest-Option 2" finished-at="2022-04-21T17:14:16 BST" duration-ms="2463">
      <class name="com.qualitest.sjumbe.dropdowntests.DropdownTest">
        <test-method is-config="true" signature="setUp(java.lang.reflect.Method,java.lang.String,java.lang.String,java.lang.String,org.testng.ITestContext)[pri:0, instance:com.qualitest.sjumbe.dropdowntests.DropdownTest@49139829]" started-at="2022-04-21T17:14:13 BST" name="setUp" finished-at="2022-04-21T17:14:14 BST" duration-ms="801" status="PASS">
          <params>
            <param index="0">
              <value>
                <![CDATA[public void com.qualitest.sjumbe.dropdowntests.DropdownTest.optionTwoTest(int)]]>
              </value>
            </param>
            <param index="1">
              <value>
                <![CDATA[chromeheadless]]>
              </value>
            </param>
            <param index="2">
              <value is-null="true"/>
            </param>
            <param index="3">
              <value is-null="true"/>
            </param>
            <param index="4">
              <value>
                <![CDATA[org.testng.TestRunner@1f9f381d]]>
              </value>
            </param>
          </params>
          <reporter-output>
          </reporter-output>
        </test-method> <!-- setUp -->
        <test-method signature="optionTwoTest(int)[pri:0, instance:com.qualitest.sjumbe.dropdowntests.DropdownTest@49139829]" started-at="2022-04-21T17:14:14 BST" name="optionTwoTest" finished-at="2022-04-21T17:14:16 BST" duration-ms="1533" status="PASS">
          <params>
            <param index="0">
              <value>
                <![CDATA[2]]>
              </value>
            </param>
          </params>
          <reporter-output>
          </reporter-output>
        </test-method> <!-- optionTwoTest -->
        <test-method is-config="true" signature="tearDown()[pri:0, instance:com.qualitest.sjumbe.dropdowntests.DropdownTest@49139829]" started-at="2022-04-21T17:14:16 BST" name="tearDown" finished-at="2022-04-21T17:14:16 BST" duration-ms="128" status="PASS">
          <reporter-output>
          </reporter-output>
        </test-method> <!-- tearDown -->
      </class> <!-- com.qualitest.sjumbe.dropdowntests.DropdownTest -->
    </test> <!-- DropdownSelectionTest-Option 2 -->
  </suite> <!-- DropdownSelectionTestSuite -->
</testng-results>
