<?xml version="1.0" encoding="UTF-8"?>
<!-- Generated by org.testng.reporters.JUnitXMLReporter -->
<testsuite ignored="0" hostname="QT-UK-LT0998" failures="0" tests="5" name="NegativeUsernameTest-CH" time="19.073" errors="0" timestamp="2022-04-21T09:04:53 BST">
  <testcase classname="com.qualitest.sjumbe.loginpagetests.NegativeLoginTests" name="negativeLogInTest" time="2.446"/>
  <testcase classname="com.qualitest.sjumbe.loginpagetests.NegativeLoginTests" name="negativeLogInTest" time="2.188"/>
  <testcase classname="com.qualitest.sjumbe.loginpagetests.NegativeLoginTests" name="negativeLogInTest" time="2.277"/>
  <testcase classname="com.qualitest.sjumbe.loginpagetests.NegativeLoginTests" name="negativeLogInTest" time="2.204"/>
  <testcase classname="com.qualitest.sjumbe.loginpagetests.NegativeLoginTests" name="negativeLogInTest" time="2.239"/>
</testsuite> <!-- NegativeUsernameTest-CH -->
